<!DOCTYPE html PUBLIC "-//W3C//DTD XHTML 1.1//EN" "https://www.w3.org/TR/xhtml11/DTD/xhtml11.dtd">
<html xmlns="https://www.w3.org/1999/xhtml">
<head>
<meta http-equiv="content-type" content="text/html; charset=UTF-8"/>
<title>TestNG Report</title>
<style type="text/css">table {margin-bottom:10px;border-collapse:collapse;empty-cells:show}th,td {border:1px solid #009;padding:.25em .5em}th {vertical-align:bottom}td {vertical-align:top}table a {font-weight:bold}.stripe td {background-color: #E6EBF9}.num {text-align:right}.passedodd td {background-color: #3F3}.passedeven td {background-color: #0A0}.skippedodd td {background-color: #DDD}.skippedeven td {background-color: #CCC}.failedodd td,.attn {background-color: #F33}.failedeven td,.stripe .attn {background-color: #D00}.stacktrace {white-space:pre;font-family:monospace}.totop {font-size:85%;text-align:center;border-bottom:2px solid #000}.invisible {display:none}</style>
</head>
<body>
<table>
<tr><th>Test</th><th># Passed</th><th># Skipped</th><th># Retried</th><th># Failed</th><th>Time (ms)</th><th>Included Groups</th><th>Excluded Groups</th></tr>
<tr><th colspan="8">All Test Suite</th></tr>
<tr><td><a href="#t0">C:/Users/User/Desktop/Selenium_IntelliJ/Automation_ArtOfTesting_ECommerce/src/test/java/alltestngcodepackage/RegisterUserUsingExistingEmailHardAssertion.java</a></td><td class="num">4</td><td class="num">0</td><td class="num">0</td><td class="num attn">2</td><td class="num">64,759</td><td></td><td></td></tr>
</table>
<table id='summary'><thead><tr><th>Class</th><th>Method</th><th>Start</th><th>Time (ms)</th></tr></thead><tbody><tr><th colspan="4">All Test Suite</th></tr></tbody><tbody id="t0"><tr><th colspan="4">C:/Users/User/Desktop/Selenium_IntelliJ/Automation_ArtOfTesting_ECommerce/src/test/java/alltestngcodepackage/RegisterUserUsingExistingEmailHardAssertion.java &#8212; failed</th></tr><tr class="failedeven"><td rowspan="1">alltestngcodepackage.RegisterUserUsingExistingEmailHardAssertion</td><td><a href="#m0">verifyExistingMailIdWarning</a></td><td rowspan="1">1767756826316</td><td rowspan="1">10058</td></tr><tr class="failedodd"><td rowspan="1">alltestngcodepackage.Validating_VisibilityOfElement_SoftAssertion</td><td><a href="#m1">vrifyHomePage</a></td><td rowspan="1">1767756840301</td><td rowspan="1">4918</td></tr><tr><th colspan="4">C:/Users/User/Desktop/Selenium_IntelliJ/Automation_ArtOfTesting_ECommerce/src/test/java/alltestngcodepackage/RegisterUserUsingExistingEmailHardAssertion.java &#8212; passed</th></tr><tr class="passedeven"><td rowspan="4">alltestngcodepackage.RegisterUserUsingExistingEmailHardAssertion</td><td><a href="#m2">clickOnSignUpLogInLink</a></td><td rowspan="1">1767756807288</td><td rowspan="1">4203</td></tr><tr class="passedeven"><td><a href="#m3">enterNameAndExistingEmailAddress</a></td><td rowspan="1">1767756811539</td><td rowspan="1">14775</td></tr><tr class="passedeven"><td><a href="#m4">verifyHomePageVisibility</a></td><td rowspan="1">1767756807268</td><td rowspan="1">14</td></tr><tr class="passedeven"><td><a href="#m5">verifyNewSignUpHeading</a></td><td rowspan="1">1767756811492</td><td rowspan="1">45</td></tr></tbody>
</table>
<h2>C:/Users/User/Desktop/Selenium_IntelliJ/Automation_ArtOfTesting_ECommerce/src/test/java/alltestngcodepackage/RegisterUserUsingExistingEmailHardAssertion.java</h2><h3 id="m0">alltestngcodepackage.RegisterUserUsingExistingEmailHardAssertion#verifyExistingMailIdWarning</h3><table class="result"><tr><th>Messages</th></tr><tr><td><div class="messages">The method is Starting ~~ verifyExistingMailIdWarning<br/>This method is failed ~~ verifyExistingMailIdWarning</div></td></tr><tr><th>Exception</th></tr><tr><td><div class="stacktrace">org.openqa.selenium.NoSuchElementException: no such element: Unable to locate element: {&quot;method&quot;:&quot;xpath&quot;,&quot;selector&quot;:&quot;//p[contains(text(),&apos;Email Address already exist!&apos;)]&quot;}
  (Session info: chrome=143.0.7499.170)
For documentation on this error, please visit: https://www.selenium.dev/documentation/webdriver/troubleshooting/errors#no-such-element-exception
Build info: version: &apos;4.34.0&apos;, revision: &apos;707dcb4246*&apos;
System info: os.name: &apos;Windows 10&apos;, os.arch: &apos;amd64&apos;, os.version: &apos;10.0&apos;, java.version: &apos;21.0.4&apos;
Driver info: org.openqa.selenium.chrome.ChromeDriver
Command: [9aab2bc2df54ac31718c6b4e5c4e10a2, findElement {value=//p[contains(text(),&apos;Email Address already exist!&apos;)], using=xpath}]
Capabilities {acceptInsecureCerts: false, browserName: chrome, browserVersion: 143.0.7499.170, chrome: {chromedriverVersion: 143.0.7499.192 (be2c1f4fd45..., userDataDir: C:\Users\User\AppData\Local...}, fedcm:accounts: true, goog:chromeOptions: {debuggerAddress: localhost:51650}, goog:processID: 22980, networkConnectionEnabled: false, pageLoadStrategy: normal, platformName: windows, proxy: Proxy(), se:cdp: ws://localhost:51650/devtoo..., se:cdpVersion: 143.0.7499.170, setWindowRect: true, strictFileInteractability: false, timeouts: {implicit: 0, pageLoad: 300000, script: 30000}, unhandledPromptBehavior: dismiss and notify, webauthn:extension:credBlob: true, webauthn:extension:largeBlob: true, webauthn:extension:minPinLength: true, webauthn:extension:prf: true, webauthn:virtualAuthenticators: true}
Session ID: 9aab2bc2df54ac31718c6b4e5c4e10a2
	at java.base/jdk.internal.reflect.DirectConstructorHandleAccessor.newInstance(DirectConstructorHandleAccessor.java:62)
	at java.base/java.lang.reflect.Constructor.newInstanceWithCaller(Constructor.java:502)
	at java.base/java.lang.reflect.Constructor.newInstance(Constructor.java:486)
	at org.openqa.selenium.remote.ErrorCodec.decode(ErrorCodec.java:167)
	at org.openqa.selenium.remote.codec.w3c.W3CHttpResponseCodec.decode(W3CHttpResponseCodec.java:138)
	at org.openqa.selenium.remote.codec.w3c.W3CHttpResponseCodec.decode(W3CHttpResponseCodec.java:50)
	at org.openqa.selenium.remote.HttpCommandExecutor.execute(HttpCommandExecutor.java:215)
	at org.openqa.selenium.remote.service.DriverCommandExecutor.invokeExecute(DriverCommandExecutor.java:216)
	at org.openqa.selenium.remote.service.DriverCommandExecutor.execute(DriverCommandExecutor.java:174)
	at org.openqa.selenium.remote.RemoteWebDriver.execute(RemoteWebDriver.java:544)
	at org.openqa.selenium.remote.ElementLocation$ElementFinder$2.findElement(ElementLocation.java:165)
	at org.openqa.selenium.remote.ElementLocation.findElement(ElementLocation.java:59)
	at org.openqa.selenium.remote.RemoteWebDriver.findElement(RemoteWebDriver.java:367)
	at org.openqa.selenium.remote.RemoteWebDriver.findElement(RemoteWebDriver.java:361)
	at alltestngcodepackage.RegisterUserUsingExistingEmailHardAssertion.verifyExistingMailIdWarning(RegisterUserUsingExistingEmailHardAssertion.java:64)
	at java.base/jdk.internal.reflect.DirectMethodHandleAccessor.invoke(DirectMethodHandleAccessor.java:103)
	at java.base/java.lang.reflect.Method.invoke(Method.java:580)
	at org.testng.internal.invokers.MethodInvocationHelper.invokeMethod(MethodInvocationHelper.java:141)
	at org.testng.internal.invokers.TestInvoker.invokeMethod(TestInvoker.java:687)
	at org.testng.internal.invokers.TestInvoker.invokeTestMethod(TestInvoker.java:230)
	at org.testng.internal.invokers.MethodRunner.runInSequence(MethodRunner.java:63)
	at org.testng.internal.invokers.TestInvoker$MethodInvocationAgent.invoke(TestInvoker.java:995)
	at org.testng.internal.invokers.TestInvoker.invokeTestMethods(TestInvoker.java:203)
	at org.testng.internal.invokers.TestMethodWorker.invokeTestMethods(TestMethodWorker.java:154)
	at org.testng.internal.invokers.TestMethodWorker.run(TestMethodWorker.java:134)
	at java.base/java.util.ArrayList.forEach(ArrayList.java:1596)
	at org.testng.TestRunner.privateRun(TestRunner.java:741)
	at org.testng.TestRunner.run(TestRunner.java:616)
	at org.testng.SuiteRunner.runTest(SuiteRunner.java:421)
	at org.testng.SuiteRunner.runSequentially(SuiteRunner.java:413)
	at org.testng.SuiteRunner.privateRun(SuiteRunner.java:373)
	at org.testng.SuiteRunner.run(SuiteRunner.java:312)
	at org.testng.SuiteRunnerWorker.runSuite(SuiteRunnerWorker.java:52)
	at org.testng.SuiteRunnerWorker.run(SuiteRunnerWorker.java:95)
	at org.testng.TestNG.runSuitesSequentially(TestNG.java:1274)
	at org.testng.TestNG.runSuitesLocally(TestNG.java:1208)
	at org.testng.TestNG.runSuites(TestNG.java:1112)
	at org.testng.TestNG.run(TestNG.java:1079)
	at com.intellij.rt.testng.IDEARemoteTestNG.run(IDEARemoteTestNG.java:65)
	at com.intellij.rt.testng.RemoteTestNGStarter.main(RemoteTestNGStarter.java:105)
</div></td></tr></table><p class="totop"><a href="#summary">back to summary</a></p>
<h3 id="m1">alltestngcodepackage.Validating_VisibilityOfElement_SoftAssertion#vrifyHomePage</h3><table class="result"><tr><th>Messages</th></tr><tr><td><div class="messages">The method is Starting ~~ vrifyHomePage<br/>The Home Page is Displayed<br/>The SignUp/LogIn Page is Displayed<br/>The HomePage Link is Displayed<br/>The CartPage Link is Displayed<br/>The SignUp/LogInPage is displayed<br/>This method is failed ~~ vrifyHomePage</div></td></tr><tr><th>Exception</th></tr><tr><td><div class="stacktrace">java.lang.AssertionError: The following asserts failed:
	The CartPage Link is not Displayed expected [false] but found [true]
	at org.testng.asserts.SoftAssert.assertAll(SoftAssert.java:46)
	at org.testng.asserts.SoftAssert.assertAll(SoftAssert.java:30)
	at alltestngcodepackage.Validating_VisibilityOfElement_SoftAssertion.vrifyHomePage(Validating_VisibilityOfElement_SoftAssertion.java:38)
	at java.base/jdk.internal.reflect.DirectMethodHandleAccessor.invoke(DirectMethodHandleAccessor.java:103)
	at java.base/java.lang.reflect.Method.invoke(Method.java:580)
	at org.testng.internal.invokers.MethodInvocationHelper.invokeMethod(MethodInvocationHelper.java:141)
	at org.testng.internal.invokers.TestInvoker.invokeMethod(TestInvoker.java:687)
	at org.testng.internal.invokers.TestInvoker.invokeTestMethod(TestInvoker.java:230)
	at org.testng.internal.invokers.MethodRunner.runInSequence(MethodRunner.java:63)
	at org.testng.internal.invokers.TestInvoker$MethodInvocationAgent.invoke(TestInvoker.java:995)
	at org.testng.internal.invokers.TestInvoker.invokeTestMethods(TestInvoker.java:203)
	at org.testng.internal.invokers.TestMethodWorker.invokeTestMethods(TestMethodWorker.java:154)
	at org.testng.internal.invokers.TestMethodWorker.run(TestMethodWorker.java:134)
	at java.base/java.util.ArrayList.forEach(ArrayList.java:1596)
	at org.testng.TestRunner.privateRun(TestRunner.java:741)
	at org.testng.TestRunner.run(TestRunner.java:616)
	at org.testng.SuiteRunner.runTest(SuiteRunner.java:421)
	at org.testng.SuiteRunner.runSequentially(SuiteRunner.java:413)
	at org.testng.SuiteRunner.privateRun(SuiteRunner.java:373)
	at org.testng.SuiteRunner.run(SuiteRunner.java:312)
	at org.testng.SuiteRunnerWorker.runSuite(SuiteRunnerWorker.java:52)
	at org.testng.SuiteRunnerWorker.run(SuiteRunnerWorker.java:95)
	at org.testng.TestNG.runSuitesSequentially(TestNG.java:1274)
	at org.testng.TestNG.runSuitesLocally(TestNG.java:1208)
	at org.testng.TestNG.runSuites(TestNG.java:1112)
	at org.testng.TestNG.run(TestNG.java:1079)
	at com.intellij.rt.testng.IDEARemoteTestNG.run(IDEARemoteTestNG.java:65)
	at com.intellij.rt.testng.RemoteTestNGStarter.main(RemoteTestNGStarter.java:105)
</div></td></tr></table><p class="totop"><a href="#summary">back to summary</a></p>
<h3 id="m2">alltestngcodepackage.RegisterUserUsingExistingEmailHardAssertion#clickOnSignUpLogInLink</h3><table class="result"><tr><th>Messages</th></tr><tr><td><div class="messages">The method is Starting ~~ clickOnSignUpLogInLink<br/>The LogIn and SignUp Page is displayed<br/>This method is passed ~~ clickOnSignUpLogInLink</div></td></tr></table><p class="totop"><a href="#summary">back to summary</a></p>
<h3 id="m3">alltestngcodepackage.RegisterUserUsingExistingEmailHardAssertion#enterNameAndExistingEmailAddress</h3><table class="result"><tr><th>Messages</th></tr><tr><td><div class="messages">The method is Starting ~~ enterNameAndExistingEmailAddress<br/>This method is passed ~~ enterNameAndExistingEmailAddress</div></td></tr></table><p class="totop"><a href="#summary">back to summary</a></p>
<h3 id="m4">alltestngcodepackage.RegisterUserUsingExistingEmailHardAssertion#verifyHomePageVisibility</h3><table class="result"><tr><th>Messages</th></tr><tr><td><div class="messages">The method is Starting ~~ verifyHomePageVisibility<br/>The HomePage is displyed<br/>This method is passed ~~ verifyHomePageVisibility</div></td></tr></table><p class="totop"><a href="#summary">back to summary</a></p>
<h3 id="m5">alltestngcodepackage.RegisterUserUsingExistingEmailHardAssertion#verifyNewSignUpHeading</h3><table class="result"><tr><th>Messages</th></tr><tr><td><div class="messages">The method is Starting ~~ verifyNewSignUpHeading<br/>The New User SignUp Heading is visible<br/>This method is passed ~~ verifyNewSignUpHeading</div></td></tr></table><p class="totop"><a href="#summary">back to summary</a></p>
</body>
</html>
